0 info it worked if it ends with ok
1 verbose cli [ '/usr/local/bin/node',
1 verbose cli   '/usr/local/bin/npm',
1 verbose cli   'install',
1 verbose cli   '--save',
1 verbose cli   'base64' ]
2 info using npm@3.3.12
3 info using node@v5.2.0
4 silly loadCurrentTree Starting
5 silly install loadCurrentTree
6 silly install readLocalPackageData
7 silly fetchPackageMetaData base64
8 silly fetchNamedPackageData base64
9 silly mapToRegistry name base64
10 silly mapToRegistry using default registry
11 silly mapToRegistry registry https://registry.npmjs.org/
12 silly mapToRegistry uri https://registry.npmjs.org/base64
13 verbose request uri https://registry.npmjs.org/base64
14 verbose request no auth needed
15 info attempt registry request try #1 at 4:41:08 PM
16 verbose request id 075ec30f1c23fc18
17 http request GET https://registry.npmjs.org/base64
18 http 200 https://registry.npmjs.org/base64
19 verbose headers { server: 'CouchDB/1.5.0 (Erlang OTP/R16B03)',
19 verbose headers   etag: '"2HUBENGYKYW770NDYMFRC95I0"',
19 verbose headers   'content-type': 'application/json',
19 verbose headers   'content-encoding': 'gzip',
19 verbose headers   'cache-control': 'max-age=300',
19 verbose headers   'content-length': '2484',
19 verbose headers   'accept-ranges': 'bytes',
19 verbose headers   date: 'Tue, 26 Apr 2016 11:05:26 GMT',
19 verbose headers   via: '1.1 varnish',
19 verbose headers   age: '0',
19 verbose headers   connection: 'keep-alive',
19 verbose headers   'x-served-by': 'cache-sin6923-SIN',
19 verbose headers   'x-cache': 'MISS',
19 verbose headers   'x-cache-hits': '0',
19 verbose headers   'x-timer': 'S1461668726.635982,VS0,VE223',
19 verbose headers   vary: 'Accept-Encoding' }
20 silly get cb [ 200,
20 silly get   { server: 'CouchDB/1.5.0 (Erlang OTP/R16B03)',
20 silly get     etag: '"2HUBENGYKYW770NDYMFRC95I0"',
20 silly get     'content-type': 'application/json',
20 silly get     'content-encoding': 'gzip',
20 silly get     'cache-control': 'max-age=300',
20 silly get     'content-length': '2484',
20 silly get     'accept-ranges': 'bytes',
20 silly get     date: 'Tue, 26 Apr 2016 11:05:26 GMT',
20 silly get     via: '1.1 varnish',
20 silly get     age: '0',
20 silly get     connection: 'keep-alive',
20 silly get     'x-served-by': 'cache-sin6923-SIN',
20 silly get     'x-cache': 'MISS',
20 silly get     'x-cache-hits': '0',
20 silly get     'x-timer': 'S1461668726.635982,VS0,VE223',
20 silly get     vary: 'Accept-Encoding' } ]
21 verbose get saving base64 to /home/aspire16/.npm/registry.npmjs.org/base64/.cache.json
22 silly install normalizeTree
23 silly loadCurrentTree Finishing
24 silly loadIdealTree Starting
25 silly install loadIdealTree
26 silly cloneCurrentTree Starting
27 silly install cloneCurrentTreeToIdealTree
28 silly cloneCurrentTree Finishing
29 silly loadShrinkwrap Starting
30 silly install loadShrinkwrap
31 silly loadShrinkwrap Finishing
32 silly loadAllDepsIntoIdealTree Starting
33 silly install loadAllDepsIntoIdealTree
34 silly resolveWithNewModule base64@2.1.0 checking installable status
35 silly cache add args [ 'base64', null ]
36 verbose cache add spec base64
37 silly cache add parsed spec Result {
37 silly cache add   raw: 'base64',
37 silly cache add   scope: null,
37 silly cache add   name: 'base64',
37 silly cache add   rawSpec: '',
37 silly cache add   spec: '*',
37 silly cache add   type: 'range' }
38 silly addNamed base64@*
39 verbose addNamed "*" is a valid semver range for base64
40 silly addNameRange { name: 'base64', range: '*', hasData: false }
41 silly mapToRegistry name base64
42 silly mapToRegistry using default registry
43 silly mapToRegistry registry https://registry.npmjs.org/
44 silly mapToRegistry uri https://registry.npmjs.org/base64
45 verbose addNameRange registry:https://registry.npmjs.org/base64 not in flight; fetching
46 verbose get https://registry.npmjs.org/base64 not expired, no request
47 silly addNameRange number 2 { name: 'base64', range: '*', hasData: true }
48 silly addNameRange versions [ 'base64',
48 silly addNameRange   [ '1.0.0',
48 silly addNameRange     '1.0.1',
48 silly addNameRange     '2.0.1',
48 silly addNameRange     '2.0.2',
48 silly addNameRange     '2.0.3',
48 silly addNameRange     '2.0.4',
48 silly addNameRange     '2.0.6',
48 silly addNameRange     '2.0.7',
48 silly addNameRange     '2.1.0' ] ]
49 silly addNamed base64@2.1.0
50 verbose addNamed "2.1.0" is a plain semver version for base64
51 silly mapToRegistry name base64
52 silly mapToRegistry using default registry
53 silly mapToRegistry registry https://registry.npmjs.org/
54 silly mapToRegistry uri https://registry.npmjs.org/base64
55 verbose addRemoteTarball https://registry.npmjs.org/base64/-/base64-2.1.0.tgz not in flight; adding
56 verbose addRemoteTarball [ 'https://registry.npmjs.org/base64/-/base64-2.1.0.tgz',
56 verbose addRemoteTarball   'c2663daf069203b758fb12b91c516fae87963314' ]
57 info retry fetch attempt 1 at 4:41:10 PM
58 info attempt registry request try #1 at 4:41:10 PM
59 http fetch GET https://registry.npmjs.org/base64/-/base64-2.1.0.tgz
60 http fetch 200 https://registry.npmjs.org/base64/-/base64-2.1.0.tgz
61 silly fetchAndShaCheck shasum c2663daf069203b758fb12b91c516fae87963314
62 verbose addTmpTarball /tmp/npm-21562-1b402fe1/registry.npmjs.org/base64/-/base64-2.1.0.tgz not in flight; adding
63 verbose addTmpTarball already have metadata; skipping unpack for base64@2.1.0
64 silly cache afterAdd base64@2.1.0
65 verbose afterAdd /home/aspire16/.npm/base64/2.1.0/package/package.json not in flight; writing
66 verbose afterAdd /home/aspire16/.npm/base64/2.1.0/package/package.json written
67 silly fetchNamedPackageData fsevents
68 silly mapToRegistry name fsevents
69 silly mapToRegistry using default registry
70 silly mapToRegistry registry https://registry.npmjs.org/
71 silly mapToRegistry uri https://registry.npmjs.org/fsevents
72 verbose request uri https://registry.npmjs.org/fsevents
73 verbose request no auth needed
74 info attempt registry request try #1 at 4:41:12 PM
75 verbose etag "8PVGYBXJZ0N7A0VP5BLLIVEG2"
76 http request GET https://registry.npmjs.org/fsevents
77 http 304 https://registry.npmjs.org/fsevents
78 verbose headers { date: 'Tue, 26 Apr 2016 11:05:30 GMT',
78 verbose headers   via: '1.1 varnish',
78 verbose headers   'cache-control': 'max-age=300',
78 verbose headers   etag: '"8PVGYBXJZ0N7A0VP5BLLIVEG2"',
78 verbose headers   age: '233',
78 verbose headers   connection: 'keep-alive',
78 verbose headers   'x-served-by': 'cache-sin6923-SIN',
78 verbose headers   'x-cache': 'HIT',
78 verbose headers   'x-cache-hits': '20',
78 verbose headers   'x-timer': 'S1461668730.500158,VS0,VE0',
78 verbose headers   vary: 'Accept-Encoding' }
79 silly get cb [ 304,
79 silly get   { date: 'Tue, 26 Apr 2016 11:05:30 GMT',
79 silly get     via: '1.1 varnish',
79 silly get     'cache-control': 'max-age=300',
79 silly get     etag: '"8PVGYBXJZ0N7A0VP5BLLIVEG2"',
79 silly get     age: '233',
79 silly get     connection: 'keep-alive',
79 silly get     'x-served-by': 'cache-sin6923-SIN',
79 silly get     'x-cache': 'HIT',
79 silly get     'x-cache-hits': '20',
79 silly get     'x-timer': 'S1461668730.500158,VS0,VE0',
79 silly get     vary: 'Accept-Encoding' } ]
80 verbose etag https://registry.npmjs.org/fsevents from cache
81 verbose get saving fsevents to /home/aspire16/.npm/registry.npmjs.org/fsevents/.cache.json
82 silly resolveWithNewModule fsevents@1.0.11 checking installable status
83 warn install Couldn't install optional dependency: Unsupported
84 verbose install Error: Unsupported
84 verbose install     at checkPlatform (/usr/local/lib/node_modules/npm/node_modules/npm-install-checks/index.js:46:14)
84 verbose install     at Array.<anonymous> (/usr/local/lib/node_modules/npm/node_modules/slide/lib/bind-actor.js:15:8)
84 verbose install     at LOOP (/usr/local/lib/node_modules/npm/node_modules/slide/lib/chain.js:15:14)
84 verbose install     at /usr/local/lib/node_modules/npm/node_modules/slide/lib/chain.js:18:7
84 verbose install     at checkEngine (/usr/local/lib/node_modules/npm/node_modules/npm-install-checks/index.js:25:10)
84 verbose install     at Array.<anonymous> (/usr/local/lib/node_modules/npm/node_modules/slide/lib/bind-actor.js:15:8)
84 verbose install     at LOOP (/usr/local/lib/node_modules/npm/node_modules/slide/lib/chain.js:15:14)
84 verbose install     at chain (/usr/local/lib/node_modules/npm/node_modules/slide/lib/chain.js:20:5)
84 verbose install     at module.exports.isInstallable (/usr/local/lib/node_modules/npm/lib/install/validate-args.js:26:3)
84 verbose install     at resolveWithNewModule (/usr/local/lib/node_modules/npm/lib/install/deps.js:452:12)
85 silly loadAllDepsIntoIdealTree Finishing
86 silly idealTree:prePrune rest@1.0.0
86 silly idealTree:prePrune +-- abbrev@1.0.7
86 silly idealTree:prePrune +-- accepts@1.2.13
86 silly idealTree:prePrune +-- acorn@1.2.2
86 silly idealTree:prePrune +-- align-text@0.1.4
86 silly idealTree:prePrune +-- ansi-regex@2.0.0
86 silly idealTree:prePrune +-- ansi-styles@2.2.1
86 silly idealTree:prePrune +-- anymatch@1.3.0
86 silly idealTree:prePrune +-- arr-diff@2.0.0
86 silly idealTree:prePrune +-- arr-flatten@1.0.1
86 silly idealTree:prePrune +-- array-flatten@1.1.1
86 silly idealTree:prePrune +-- array-unique@0.2.1
86 silly idealTree:prePrune +-- arrify@1.0.1
86 silly idealTree:prePrune +-- asn1@0.2.3
86 silly idealTree:prePrune +-- assert-plus@0.2.0
86 silly idealTree:prePrune +-- ast-types@0.8.16
86 silly idealTree:prePrune +-- async-each@1.0.0
86 silly idealTree:prePrune +-- async@0.9.2
86 silly idealTree:prePrune +-- aws-sign2@0.6.0
86 silly idealTree:prePrune +-- aws4@1.3.2
86 silly idealTree:prePrune +-- balanced-match@0.3.0
86 silly idealTree:prePrune +-- base64-url@1.2.2
86 silly idealTree:prePrune +-- base64@2.1.0
86 silly idealTree:prePrune +-- base64url@1.0.6
86 silly idealTree:prePrune +-- basic-auth@1.0.3
86 silly idealTree:prePrune +-- batch@0.5.3
86 silly idealTree:prePrune +-- bignumber.js@2.1.4
86 silly idealTree:prePrune +-- binary-extensions@1.4.0
86 silly idealTree:prePrune +-- bl@1.1.2
86 silly idealTree:prePrune | +-- isarray@1.0.0
86 silly idealTree:prePrune | `-- readable-stream@2.0.6
86 silly idealTree:prePrune +-- bluebird@3.3.5
86 silly idealTree:prePrune +-- body-parser@1.15.0
86 silly idealTree:prePrune +-- boolbase@1.0.0
86 silly idealTree:prePrune +-- boom@2.10.1
86 silly idealTree:prePrune +-- brace-expansion@1.1.3
86 silly idealTree:prePrune +-- braces@1.8.4
86 silly idealTree:prePrune +-- buffer-equal-constant-time@1.0.1
86 silly idealTree:prePrune +-- bytes@2.2.0
86 silly idealTree:prePrune +-- camelcase-keys@1.0.0
86 silly idealTree:prePrune +-- camelcase@1.2.1
86 silly idealTree:prePrune +-- caseless@0.11.0
86 silly idealTree:prePrune +-- center-align@0.1.3
86 silly idealTree:prePrune +-- chalk@1.1.3
86 silly idealTree:prePrune +-- cheerio@0.19.0
86 silly idealTree:prePrune | `-- lodash@3.10.1
86 silly idealTree:prePrune +-- chokidar@1.4.3
86 silly idealTree:prePrune +-- clean-css@1.1.7
86 silly idealTree:prePrune | `-- commander@2.0.0
86 silly idealTree:prePrune +-- cli-color@0.3.3
86 silly idealTree:prePrune +-- cliui@2.1.0
86 silly idealTree:prePrune +-- colors@1.1.2
86 silly idealTree:prePrune +-- combined-stream@1.0.5
86 silly idealTree:prePrune +-- commander@2.9.0
86 silly idealTree:prePrune +-- concat-map@0.0.1
86 silly idealTree:prePrune +-- concat-stream@1.4.10
86 silly idealTree:prePrune +-- configstore@1.4.0
86 silly idealTree:prePrune | `-- object-assign@4.0.1
86 silly idealTree:prePrune +-- consolidate@0.14.0
86 silly idealTree:prePrune +-- content-disposition@0.5.1
86 silly idealTree:prePrune +-- content-type@1.0.1
86 silly idealTree:prePrune +-- cookie-signature@1.0.6
86 silly idealTree:prePrune +-- cookie@0.1.5
86 silly idealTree:prePrune +-- core-util-is@1.0.2
86 silly idealTree:prePrune +-- cross-spawn-async@2.2.2
86 silly idealTree:prePrune +-- cryptiles@2.0.5
86 silly idealTree:prePrune +-- css-select@1.0.0
86 silly idealTree:prePrune +-- css-what@1.0.0
86 silly idealTree:prePrune +-- cssom@0.3.0
86 silly idealTree:prePrune +-- d@0.1.1
86 silly idealTree:prePrune +-- dashdash@1.13.1
86 silly idealTree:prePrune | `-- assert-plus@1.0.0
86 silly idealTree:prePrune +-- datauri@0.2.1
86 silly idealTree:prePrune +-- debug@2.2.0
86 silly idealTree:prePrune +-- decamelize@1.2.0
86 silly idealTree:prePrune +-- deep-extend@0.4.1
86 silly idealTree:prePrune +-- delayed-stream@1.0.0
86 silly idealTree:prePrune +-- depd@1.1.0
86 silly idealTree:prePrune +-- destroy@1.0.4
86 silly idealTree:prePrune +-- dom-serializer@0.1.0
86 silly idealTree:prePrune | `-- domelementtype@1.1.3
86 silly idealTree:prePrune +-- domelementtype@1.3.0
86 silly idealTree:prePrune +-- domhandler@2.3.0
86 silly idealTree:prePrune +-- domutils@1.4.3
86 silly idealTree:prePrune +-- duplexer@0.1.1
86 silly idealTree:prePrune +-- duplexify@3.4.3
86 silly idealTree:prePrune | +-- isarray@1.0.0
86 silly idealTree:prePrune | `-- readable-stream@2.1.0
86 silly idealTree:prePrune +-- ecc-jsbn@0.1.1
86 silly idealTree:prePrune +-- ecdsa-sig-formatter@1.0.5
86 silly idealTree:prePrune +-- ee-first@1.1.1
86 silly idealTree:prePrune +-- email-templates@2.3.0
86 silly idealTree:prePrune +-- end-of-stream@1.0.0
86 silly idealTree:prePrune +-- enforce@0.1.6
86 silly idealTree:prePrune +-- entities@1.1.1
86 silly idealTree:prePrune +-- es5-ext@0.10.11
86 silly idealTree:prePrune +-- es6-iterator@2.0.0
86 silly idealTree:prePrune +-- es6-promise@3.1.2
86 silly idealTree:prePrune +-- es6-symbol@3.0.2
86 silly idealTree:prePrune +-- es6-weak-map@0.1.4
86 silly idealTree:prePrune | +-- es6-iterator@0.1.3
86 silly idealTree:prePrune | `-- es6-symbol@2.0.1
86 silly idealTree:prePrune +-- escape-html@1.0.3
86 silly idealTree:prePrune +-- escape-string-regexp@1.0.5
86 silly idealTree:prePrune +-- esmangle-evaluator@1.0.0
86 silly idealTree:prePrune +-- esprima@2.7.2
86 silly idealTree:prePrune +-- etag@1.7.0
86 silly idealTree:prePrune +-- event-emitter@0.3.4
86 silly idealTree:prePrune +-- event-stream@3.3.2
86 silly idealTree:prePrune +-- expand-brackets@0.1.5
86 silly idealTree:prePrune +-- expand-range@1.8.1
86 silly idealTree:prePrune +-- express-jwt@3.3.0
86 silly idealTree:prePrune | `-- lodash@3.10.1
86 silly idealTree:prePrune +-- express-unless@0.3.0
86 silly idealTree:prePrune +-- express@4.13.4
86 silly idealTree:prePrune | `-- qs@4.0.0
86 silly idealTree:prePrune +-- extend@3.0.0
86 silly idealTree:prePrune +-- extglob@0.3.2
86 silly idealTree:prePrune +-- extsprintf@1.0.2
86 silly idealTree:prePrune +-- falafel@1.2.0
86 silly idealTree:prePrune +-- filename-regex@2.0.0
86 silly idealTree:prePrune +-- fill-range@2.2.3
86 silly idealTree:prePrune +-- finalhandler@0.4.1
86 silly idealTree:prePrune +-- for-in@0.1.5
86 silly idealTree:prePrune +-- for-own@0.1.4
86 silly idealTree:prePrune +-- foreach@2.0.5
86 silly idealTree:prePrune +-- forever-agent@0.6.1
86 silly idealTree:prePrune +-- form-data@1.0.0-rc4
86 silly idealTree:prePrune | `-- async@1.5.2
86 silly idealTree:prePrune +-- forwarded@0.1.0
86 silly idealTree:prePrune +-- fresh@0.3.0
86 silly idealTree:prePrune +-- from@0.1.3
86 silly idealTree:prePrune +-- generate-function@2.0.0
86 silly idealTree:prePrune +-- generate-object-property@1.2.0
86 silly idealTree:prePrune +-- get-stdin@4.0.1
86 silly idealTree:prePrune +-- getpass@0.1.5
86 silly idealTree:prePrune | `-- assert-plus@1.0.0
86 silly idealTree:prePrune +-- glob-base@0.3.0
86 silly idealTree:prePrune +-- glob-parent@2.0.0
86 silly idealTree:prePrune +-- glob@6.0.4
86 silly idealTree:prePrune +-- got@3.3.1
86 silly idealTree:prePrune | `-- object-assign@3.0.0
86 silly idealTree:prePrune +-- graceful-fs@4.1.3
86 silly idealTree:prePrune +-- graceful-readlink@1.0.1
86 silly idealTree:prePrune +-- har-validator@2.0.6
86 silly idealTree:prePrune +-- has-ansi@2.0.0
86 silly idealTree:prePrune +-- hat@0.0.3
86 silly idealTree:prePrune +-- hawk@3.1.3
86 silly idealTree:prePrune +-- hoek@2.16.3
86 silly idealTree:prePrune +-- htmlparser2@3.8.3
86 silly idealTree:prePrune | +-- domutils@1.5.1
86 silly idealTree:prePrune | `-- entities@1.0.0
86 silly idealTree:prePrune +-- http-errors@1.4.0
86 silly idealTree:prePrune +-- http-signature@1.1.1
86 silly idealTree:prePrune +-- iconv-lite@0.4.13
86 silly idealTree:prePrune +-- ignore-by-default@1.0.1
86 silly idealTree:prePrune +-- imurmurhash@0.1.4
86 silly idealTree:prePrune +-- indent-string@1.2.2
86 silly idealTree:prePrune +-- infinity-agent@2.0.3
86 silly idealTree:prePrune +-- inflight@1.0.4
86 silly idealTree:prePrune +-- inherits@2.0.1
86 silly idealTree:prePrune +-- ini@1.3.4
86 silly idealTree:prePrune +-- inline-process-browser@2.0.1
86 silly idealTree:prePrune +-- ipaddr.js@1.0.5
86 silly idealTree:prePrune +-- is-absolute@0.1.7
86 silly idealTree:prePrune +-- is-binary-path@1.0.1
86 silly idealTree:prePrune +-- is-buffer@1.1.3
86 silly idealTree:prePrune +-- is-dotfile@1.0.2
86 silly idealTree:prePrune +-- is-equal-shallow@0.1.3
86 silly idealTree:prePrune +-- is-extendable@0.1.1
86 silly idealTree:prePrune +-- is-extglob@1.0.0
86 silly idealTree:prePrune +-- is-finite@1.0.1
86 silly idealTree:prePrune +-- is-glob@2.0.1
86 silly idealTree:prePrune +-- is-my-json-valid@2.13.1
86 silly idealTree:prePrune +-- is-npm@1.0.0
86 silly idealTree:prePrune +-- is-number@2.1.0
86 silly idealTree:prePrune +-- is-posix-bracket@0.1.1
86 silly idealTree:prePrune +-- is-primitive@2.0.0
86 silly idealTree:prePrune +-- is-property@1.0.2
86 silly idealTree:prePrune +-- is-redirect@1.0.0
86 silly idealTree:prePrune +-- is-relative@0.1.3
86 silly idealTree:prePrune +-- is-stream@1.1.0
86 silly idealTree:prePrune +-- is-typedarray@1.0.0
86 silly idealTree:prePrune +-- isarray@0.0.1
86 silly idealTree:prePrune +-- isexe@1.1.2
86 silly idealTree:prePrune +-- isobject@2.0.0
86 silly idealTree:prePrune +-- isstream@0.1.2
86 silly idealTree:prePrune +-- jodid25519@1.0.2
86 silly idealTree:prePrune +-- jsbn@0.1.0
86 silly idealTree:prePrune +-- json-schema@0.2.2
86 silly idealTree:prePrune +-- json-stringify-safe@5.0.1
86 silly idealTree:prePrune +-- jsonpointer@2.0.0
86 silly idealTree:prePrune +-- jsonwebtoken@5.7.0
86 silly idealTree:prePrune +-- jsprim@1.2.2
86 silly idealTree:prePrune +-- juice@1.10.0
86 silly idealTree:prePrune +-- jwa@1.1.3
86 silly idealTree:prePrune +-- jws@3.1.3
86 silly idealTree:prePrune +-- kind-of@3.0.2
86 silly idealTree:prePrune +-- latest-version@1.0.1
86 silly idealTree:prePrune +-- lazy-cache@1.0.4
86 silly idealTree:prePrune +-- lodash._baseassign@3.2.0
86 silly idealTree:prePrune +-- lodash._basecopy@3.0.1
86 silly idealTree:prePrune +-- lodash._bindcallback@3.0.1
86 silly idealTree:prePrune +-- lodash._createassigner@3.1.1
86 silly idealTree:prePrune +-- lodash._getnative@3.9.1
86 silly idealTree:prePrune +-- lodash._isiterateecall@3.0.9
86 silly idealTree:prePrune +-- lodash.assign@3.2.0
86 silly idealTree:prePrune +-- lodash.defaults@3.1.2
86 silly idealTree:prePrune +-- lodash.isarguments@3.0.8
86 silly idealTree:prePrune +-- lodash.isarray@3.0.4
86 silly idealTree:prePrune +-- lodash.keys@3.1.2
86 silly idealTree:prePrune +-- lodash.restparam@3.6.1
86 silly idealTree:prePrune +-- lodash@4.11.1
86 silly idealTree:prePrune +-- longest@1.0.1
86 silly idealTree:prePrune +-- lowercase-keys@1.0.0
86 silly idealTree:prePrune +-- lru-cache@4.0.1
86 silly idealTree:prePrune +-- lru-queue@0.1.0
86 silly idealTree:prePrune +-- map-obj@1.0.1
86 silly idealTree:prePrune +-- map-stream@0.1.0
86 silly idealTree:prePrune +-- media-typer@0.3.0
86 silly idealTree:prePrune +-- memoizee@0.3.10
86 silly idealTree:prePrune +-- meow@2.0.0
86 silly idealTree:prePrune +-- merge-descriptors@1.0.1
86 silly idealTree:prePrune +-- methods@1.1.2
86 silly idealTree:prePrune +-- micromatch@2.3.8
86 silly idealTree:prePrune +-- mime-db@1.22.0
86 silly idealTree:prePrune +-- mime-types@2.1.10
86 silly idealTree:prePrune +-- mime@1.3.4
86 silly idealTree:prePrune +-- mimer@0.2.1
86 silly idealTree:prePrune +-- minimatch@3.0.0
86 silly idealTree:prePrune +-- minimist@1.2.0
86 silly idealTree:prePrune +-- mkdirp@0.5.1
86 silly idealTree:prePrune | `-- minimist@0.0.8
86 silly idealTree:prePrune +-- moment@2.13.0
86 silly idealTree:prePrune +-- morgan@1.7.0
86 silly idealTree:prePrune +-- ms@0.7.1
86 silly idealTree:prePrune +-- mysql@2.10.2
86 silly idealTree:prePrune +-- negotiator@0.5.3
86 silly idealTree:prePrune +-- nested-error-stacks@1.0.2
86 silly idealTree:prePrune +-- next-tick@0.2.2
86 silly idealTree:prePrune +-- node-uuid@1.4.7
86 silly idealTree:prePrune +-- nodemailer-sendmail-transport@1.0.0
86 silly idealTree:prePrune +-- nodemailer@2.3.2
86 silly idealTree:prePrune | +-- addressparser@1.0.1
86 silly idealTree:prePrune | +-- buildmail@3.6.0
86 silly idealTree:prePrune | +-- iconv-lite@0.4.13
86 silly idealTree:prePrune | +-- ip@1.1.2
86 silly idealTree:prePrune | +-- libbase64@0.1.0
86 silly idealTree:prePrune | +-- libmime@2.0.3
86 silly idealTree:prePrune | +-- libqp@1.1.0
86 silly idealTree:prePrune | +-- mailcomposer@3.7.0
86 silly idealTree:prePrune | +-- nodemailer-direct-transport@3.0.7
86 silly idealTree:prePrune | +-- nodemailer-fetch@1.3.0
86 silly idealTree:prePrune | +-- nodemailer-shared@1.0.4
86 silly idealTree:prePrune | +-- nodemailer-smtp-pool@2.5.2
86 silly idealTree:prePrune | +-- nodemailer-smtp-transport@2.4.2
86 silly idealTree:prePrune | +-- nodemailer-wellknown@0.1.8
86 silly idealTree:prePrune | +-- smart-buffer@1.0.4
86 silly idealTree:prePrune | +-- smtp-connection@2.3.2
86 silly idealTree:prePrune | `-- socks@1.1.9
86 silly idealTree:prePrune +-- nodemon@1.9.1
86 silly idealTree:prePrune +-- nopt@1.0.10
86 silly idealTree:prePrune +-- normalize-path@2.0.1
86 silly idealTree:prePrune +-- nth-check@1.0.1
86 silly idealTree:prePrune +-- number-is-nan@1.0.0
86 silly idealTree:prePrune +-- oauth-sign@0.8.1
86 silly idealTree:prePrune +-- object-assign@1.0.0
86 silly idealTree:prePrune +-- object-keys@1.0.9
86 silly idealTree:prePrune +-- object.omit@2.0.0
86 silly idealTree:prePrune +-- on-finished@2.3.0
86 silly idealTree:prePrune +-- on-headers@1.0.1
86 silly idealTree:prePrune +-- once@1.3.3
86 silly idealTree:prePrune +-- orm@2.1.30
86 silly idealTree:prePrune | `-- lodash@2.4.1
86 silly idealTree:prePrune +-- os-homedir@1.0.1
86 silly idealTree:prePrune +-- os-tmpdir@1.0.1
86 silly idealTree:prePrune +-- osenv@0.1.3
86 silly idealTree:prePrune +-- package-json@1.2.0
86 silly idealTree:prePrune +-- parse-glob@3.0.4
86 silly idealTree:prePrune +-- parseurl@1.3.1
86 silly idealTree:prePrune +-- passport-local@1.0.0
86 silly idealTree:prePrune +-- passport-strategy@1.0.0
86 silly idealTree:prePrune +-- passport@0.3.2
86 silly idealTree:prePrune +-- path-is-absolute@1.0.0
86 silly idealTree:prePrune +-- path-to-regexp@0.1.7
86 silly idealTree:prePrune +-- pause-stream@0.0.11
86 silly idealTree:prePrune +-- pause@0.0.1
86 silly idealTree:prePrune +-- pinkie-promise@2.0.1
86 silly idealTree:prePrune +-- pinkie@2.0.4
86 silly idealTree:prePrune +-- prepend-http@1.0.3
86 silly idealTree:prePrune +-- preserve@0.2.0
86 silly idealTree:prePrune +-- private@0.1.6
86 silly idealTree:prePrune +-- process-nextick-args@1.0.6
86 silly idealTree:prePrune +-- proxy-addr@1.0.10
86 silly idealTree:prePrune +-- ps-tree@1.0.1
86 silly idealTree:prePrune +-- pseudomap@1.0.2
86 silly idealTree:prePrune +-- qs@6.1.0
86 silly idealTree:prePrune +-- randomatic@1.1.5
86 silly idealTree:prePrune +-- range-parser@1.0.3
86 silly idealTree:prePrune +-- raw-body@2.1.6
86 silly idealTree:prePrune | `-- bytes@2.3.0
86 silly idealTree:prePrune +-- rc@1.1.6
86 silly idealTree:prePrune +-- read-all-stream@3.1.0
86 silly idealTree:prePrune | +-- isarray@1.0.0
86 silly idealTree:prePrune | `-- readable-stream@2.1.0
86 silly idealTree:prePrune +-- readable-stream@1.1.14
86 silly idealTree:prePrune +-- readdirp@2.0.0
86 silly idealTree:prePrune | +-- isarray@1.0.0
86 silly idealTree:prePrune | +-- minimatch@2.0.10
86 silly idealTree:prePrune | `-- readable-stream@2.1.0
86 silly idealTree:prePrune +-- recast@0.11.5
86 silly idealTree:prePrune +-- regex-cache@0.4.3
86 silly idealTree:prePrune +-- registry-url@3.1.0
86 silly idealTree:prePrune +-- repeat-element@1.1.2
86 silly idealTree:prePrune +-- repeat-string@1.5.4
86 silly idealTree:prePrune +-- repeating@1.1.3
86 silly idealTree:prePrune +-- request@2.72.0
86 silly idealTree:prePrune +-- right-align@0.1.3
86 silly idealTree:prePrune +-- semver-diff@2.1.0
86 silly idealTree:prePrune +-- semver@5.1.0
86 silly idealTree:prePrune +-- send@0.13.1
86 silly idealTree:prePrune | `-- http-errors@1.3.1
86 silly idealTree:prePrune +-- sendmail@0.2.1
86 silly idealTree:prePrune +-- serve-static@1.10.2
86 silly idealTree:prePrune +-- slick@1.12.2
86 silly idealTree:prePrune +-- slide@1.1.6
86 silly idealTree:prePrune +-- sntp@1.0.9
86 silly idealTree:prePrune +-- source-map@0.5.4
86 silly idealTree:prePrune +-- split@0.3.3
86 silly idealTree:prePrune +-- sql-ddl-sync@0.3.11
86 silly idealTree:prePrune | `-- lodash@2.4.1
86 silly idealTree:prePrune +-- sql-query@0.1.26
86 silly idealTree:prePrune +-- sshpk@1.8.2
86 silly idealTree:prePrune | `-- assert-plus@1.0.0
86 silly idealTree:prePrune +-- statuses@1.2.1
86 silly idealTree:prePrune +-- stream-combiner@0.0.4
86 silly idealTree:prePrune +-- string_decoder@0.10.31
86 silly idealTree:prePrune +-- string-length@1.0.1
86 silly idealTree:prePrune +-- stringstream@0.0.5
86 silly idealTree:prePrune +-- strip-ansi@3.0.1
86 silly idealTree:prePrune +-- strip-json-comments@1.0.4
86 silly idealTree:prePrune +-- supports-color@2.0.0
86 silly idealTree:prePrune +-- templayed@0.2.3
86 silly idealTree:prePrune +-- through@2.3.8
86 silly idealTree:prePrune +-- through2@0.6.5
86 silly idealTree:prePrune | `-- readable-stream@1.0.34
86 silly idealTree:prePrune +-- timed-out@2.0.0
86 silly idealTree:prePrune +-- timers-ext@0.1.0
86 silly idealTree:prePrune +-- touch@1.0.0
86 silly idealTree:prePrune +-- tough-cookie@2.2.2
86 silly idealTree:prePrune +-- tunnel-agent@0.4.2
86 silly idealTree:prePrune +-- tweetnacl@0.13.3
86 silly idealTree:prePrune +-- type-is@1.6.12
86 silly idealTree:prePrune +-- typedarray@0.0.6
86 silly idealTree:prePrune +-- uglify-js@2.6.2
86 silly idealTree:prePrune | `-- async@0.2.10
86 silly idealTree:prePrune +-- uglify-to-browserify@1.0.2
86 silly idealTree:prePrune +-- undefsafe@0.0.3
86 silly idealTree:prePrune +-- unpipe@1.0.0
86 silly idealTree:prePrune +-- unreachable-branch-transform@0.5.1
86 silly idealTree:prePrune +-- update-notifier@0.5.0
86 silly idealTree:prePrune +-- util-deprecate@1.0.2
86 silly idealTree:prePrune +-- utils-merge@1.0.0
86 silly idealTree:prePrune +-- uuid@2.0.2
86 silly idealTree:prePrune +-- vary@1.0.1
86 silly idealTree:prePrune +-- verror@1.3.6
86 silly idealTree:prePrune +-- web-resource-inliner@1.2.1
86 silly idealTree:prePrune | `-- lodash@3.10.1
86 silly idealTree:prePrune +-- which@1.2.4
86 silly idealTree:prePrune +-- window-size@0.1.0
86 silly idealTree:prePrune +-- wordwrap@0.0.2
86 silly idealTree:prePrune +-- wrappy@1.0.1
86 silly idealTree:prePrune +-- write-file-atomic@1.1.4
86 silly idealTree:prePrune +-- xdg-basedir@2.0.0
86 silly idealTree:prePrune +-- xtend@4.0.1
86 silly idealTree:prePrune +-- yallist@2.0.0
86 silly idealTree:prePrune `-- yargs@3.10.0
87 silly loadIdealTree Finishing
88 silly currentTree rest@1.0.0
88 silly currentTree +-- abbrev@1.0.7
88 silly currentTree +-- accepts@1.2.13
88 silly currentTree +-- acorn@1.2.2
88 silly currentTree +-- align-text@0.1.4
88 silly currentTree +-- ansi-regex@2.0.0
88 silly currentTree +-- ansi-styles@2.2.1
88 silly currentTree +-- anymatch@1.3.0
88 silly currentTree +-- arr-diff@2.0.0
88 silly currentTree +-- arr-flatten@1.0.1
88 silly currentTree +-- array-flatten@1.1.1
88 silly currentTree +-- array-unique@0.2.1
88 silly currentTree +-- arrify@1.0.1
88 silly currentTree +-- asn1@0.2.3
88 silly currentTree +-- assert-plus@0.2.0
88 silly currentTree +-- ast-types@0.8.16
88 silly currentTree +-- async-each@1.0.0
88 silly currentTree +-- async@0.9.2
88 silly currentTree +-- aws-sign2@0.6.0
88 silly currentTree +-- aws4@1.3.2
88 silly currentTree +-- balanced-match@0.3.0
88 silly currentTree +-- base64-url@1.2.2
88 silly currentTree +-- base64url@1.0.6
88 silly currentTree +-- basic-auth@1.0.3
88 silly currentTree +-- batch@0.5.3
88 silly currentTree +-- bignumber.js@2.1.4
88 silly currentTree +-- binary-extensions@1.4.0
88 silly currentTree +-- bl@1.1.2
88 silly currentTree | +-- isarray@1.0.0
88 silly currentTree | `-- readable-stream@2.0.6
88 silly currentTree +-- bluebird@3.3.5
88 silly currentTree +-- body-parser@1.15.0
88 silly currentTree +-- boolbase@1.0.0
88 silly currentTree +-- boom@2.10.1
88 silly currentTree +-- brace-expansion@1.1.3
88 silly currentTree +-- braces@1.8.4
88 silly currentTree +-- buffer-equal-constant-time@1.0.1
88 silly currentTree +-- bytes@2.2.0
88 silly currentTree +-- camelcase-keys@1.0.0
88 silly currentTree +-- camelcase@1.2.1
88 silly currentTree +-- caseless@0.11.0
88 silly currentTree +-- center-align@0.1.3
88 silly currentTree +-- chalk@1.1.3
88 silly currentTree +-- cheerio@0.19.0
88 silly currentTree | `-- lodash@3.10.1
88 silly currentTree +-- chokidar@1.4.3
88 silly currentTree +-- clean-css@1.1.7
88 silly currentTree | `-- commander@2.0.0
88 silly currentTree +-- cli-color@0.3.3
88 silly currentTree +-- cliui@2.1.0
88 silly currentTree +-- colors@1.1.2
88 silly currentTree +-- combined-stream@1.0.5
88 silly currentTree +-- commander@2.9.0
88 silly currentTree +-- concat-map@0.0.1
88 silly currentTree +-- concat-stream@1.4.10
88 silly currentTree +-- configstore@1.4.0
88 silly currentTree | `-- object-assign@4.0.1
88 silly currentTree +-- consolidate@0.14.0
88 silly currentTree +-- content-disposition@0.5.1
88 silly currentTree +-- content-type@1.0.1
88 silly currentTree +-- cookie-signature@1.0.6
88 silly currentTree +-- cookie@0.1.5
88 silly currentTree +-- core-util-is@1.0.2
88 silly currentTree +-- cross-spawn-async@2.2.2
88 silly currentTree +-- cryptiles@2.0.5
88 silly currentTree +-- css-select@1.0.0
88 silly currentTree +-- css-what@1.0.0
88 silly currentTree +-- cssom@0.3.0
88 silly currentTree +-- d@0.1.1
88 silly currentTree +-- dashdash@1.13.1
88 silly currentTree | `-- assert-plus@1.0.0
88 silly currentTree +-- datauri@0.2.1
88 silly currentTree +-- debug@2.2.0
88 silly currentTree +-- decamelize@1.2.0
88 silly currentTree +-- deep-extend@0.4.1
88 silly currentTree +-- delayed-stream@1.0.0
88 silly currentTree +-- depd@1.1.0
88 silly currentTree +-- destroy@1.0.4
88 silly currentTree +-- dom-serializer@0.1.0
88 silly currentTree | `-- domelementtype@1.1.3
88 silly currentTree +-- domelementtype@1.3.0
88 silly currentTree +-- domhandler@2.3.0
88 silly currentTree +-- domutils@1.4.3
88 silly currentTree +-- duplexer@0.1.1
88 silly currentTree +-- duplexify@3.4.3
88 silly currentTree | +-- isarray@1.0.0
88 silly currentTree | `-- readable-stream@2.1.0
88 silly currentTree +-- ecc-jsbn@0.1.1
88 silly currentTree +-- ecdsa-sig-formatter@1.0.5
88 silly currentTree +-- ee-first@1.1.1
88 silly currentTree +-- email-templates@2.3.0
88 silly currentTree +-- end-of-stream@1.0.0
88 silly currentTree +-- enforce@0.1.6
88 silly currentTree +-- entities@1.1.1
88 silly currentTree +-- es5-ext@0.10.11
88 silly currentTree +-- es6-iterator@2.0.0
88 silly currentTree +-- es6-promise@3.1.2
88 silly currentTree +-- es6-symbol@3.0.2
88 silly currentTree +-- es6-weak-map@0.1.4
88 silly currentTree | +-- es6-iterator@0.1.3
88 silly currentTree | `-- es6-symbol@2.0.1
88 silly currentTree +-- escape-html@1.0.3
88 silly currentTree +-- escape-string-regexp@1.0.5
88 silly currentTree +-- esmangle-evaluator@1.0.0
88 silly currentTree +-- esprima@2.7.2
88 silly currentTree +-- etag@1.7.0
88 silly currentTree +-- event-emitter@0.3.4
88 silly currentTree +-- event-stream@3.3.2
88 silly currentTree +-- expand-brackets@0.1.5
88 silly currentTree +-- expand-range@1.8.1
88 silly currentTree +-- express-jwt@3.3.0
88 silly currentTree | `-- lodash@3.10.1
88 silly currentTree +-- express-unless@0.3.0
88 silly currentTree +-- express@4.13.4
88 silly currentTree | `-- qs@4.0.0
88 silly currentTree +-- extend@3.0.0
88 silly currentTree +-- extglob@0.3.2
88 silly currentTree +-- extsprintf@1.0.2
88 silly currentTree +-- falafel@1.2.0
88 silly currentTree +-- filename-regex@2.0.0
88 silly currentTree +-- fill-range@2.2.3
88 silly currentTree +-- finalhandler@0.4.1
88 silly currentTree +-- for-in@0.1.5
88 silly currentTree +-- for-own@0.1.4
88 silly currentTree +-- foreach@2.0.5
88 silly currentTree +-- forever-agent@0.6.1
88 silly currentTree +-- form-data@1.0.0-rc4
88 silly currentTree | `-- async@1.5.2
88 silly currentTree +-- forwarded@0.1.0
88 silly currentTree +-- fresh@0.3.0
88 silly currentTree +-- from@0.1.3
88 silly currentTree +-- generate-function@2.0.0
88 silly currentTree +-- generate-object-property@1.2.0
88 silly currentTree +-- get-stdin@4.0.1
88 silly currentTree +-- getpass@0.1.5
88 silly currentTree | `-- assert-plus@1.0.0
88 silly currentTree +-- glob-base@0.3.0
88 silly currentTree +-- glob-parent@2.0.0
88 silly currentTree +-- glob@6.0.4
88 silly currentTree +-- got@3.3.1
88 silly currentTree | `-- object-assign@3.0.0
88 silly currentTree +-- graceful-fs@4.1.3
88 silly currentTree +-- graceful-readlink@1.0.1
88 silly currentTree +-- har-validator@2.0.6
88 silly currentTree +-- has-ansi@2.0.0
88 silly currentTree +-- hat@0.0.3
88 silly currentTree +-- hawk@3.1.3
88 silly currentTree +-- hoek@2.16.3
88 silly currentTree +-- htmlparser2@3.8.3
88 silly currentTree | +-- domutils@1.5.1
88 silly currentTree | `-- entities@1.0.0
88 silly currentTree +-- http-errors@1.4.0
88 silly currentTree +-- http-signature@1.1.1
88 silly currentTree +-- iconv-lite@0.4.13
88 silly currentTree +-- ignore-by-default@1.0.1
88 silly currentTree +-- imurmurhash@0.1.4
88 silly currentTree +-- indent-string@1.2.2
88 silly currentTree +-- infinity-agent@2.0.3
88 silly currentTree +-- inflight@1.0.4
88 silly currentTree +-- inherits@2.0.1
88 silly currentTree +-- ini@1.3.4
88 silly currentTree +-- inline-process-browser@2.0.1
88 silly currentTree +-- ipaddr.js@1.0.5
88 silly currentTree +-- is-absolute@0.1.7
88 silly currentTree +-- is-binary-path@1.0.1
88 silly currentTree +-- is-buffer@1.1.3
88 silly currentTree +-- is-dotfile@1.0.2
88 silly currentTree +-- is-equal-shallow@0.1.3
88 silly currentTree +-- is-extendable@0.1.1
88 silly currentTree +-- is-extglob@1.0.0
88 silly currentTree +-- is-finite@1.0.1
88 silly currentTree +-- is-glob@2.0.1
88 silly currentTree +-- is-my-json-valid@2.13.1
88 silly currentTree +-- is-npm@1.0.0
88 silly currentTree +-- is-number@2.1.0
88 silly currentTree +-- is-posix-bracket@0.1.1
88 silly currentTree +-- is-primitive@2.0.0
88 silly currentTree +-- is-property@1.0.2
88 silly currentTree +-- is-redirect@1.0.0
88 silly currentTree +-- is-relative@0.1.3
88 silly currentTree +-- is-stream@1.1.0
88 silly currentTree +-- is-typedarray@1.0.0
88 silly currentTree +-- isarray@0.0.1
88 silly currentTree +-- isexe@1.1.2
88 silly currentTree +-- isobject@2.0.0
88 silly currentTree +-- isstream@0.1.2
88 silly currentTree +-- jodid25519@1.0.2
88 silly currentTree +-- jsbn@0.1.0
88 silly currentTree +-- json-schema@0.2.2
88 silly currentTree +-- json-stringify-safe@5.0.1
88 silly currentTree +-- jsonpointer@2.0.0
88 silly currentTree +-- jsonwebtoken@5.7.0
88 silly currentTree +-- jsprim@1.2.2
88 silly currentTree +-- juice@1.10.0
88 silly currentTree +-- jwa@1.1.3
88 silly currentTree +-- jws@3.1.3
88 silly currentTree +-- kind-of@3.0.2
88 silly currentTree +-- latest-version@1.0.1
88 silly currentTree +-- lazy-cache@1.0.4
88 silly currentTree +-- lodash._baseassign@3.2.0
88 silly currentTree +-- lodash._basecopy@3.0.1
88 silly currentTree +-- lodash._bindcallback@3.0.1
88 silly currentTree +-- lodash._createassigner@3.1.1
88 silly currentTree +-- lodash._getnative@3.9.1
88 silly currentTree +-- lodash._isiterateecall@3.0.9
88 silly currentTree +-- lodash.assign@3.2.0
88 silly currentTree +-- lodash.defaults@3.1.2
88 silly currentTree +-- lodash.isarguments@3.0.8
88 silly currentTree +-- lodash.isarray@3.0.4
88 silly currentTree +-- lodash.keys@3.1.2
88 silly currentTree +-- lodash.restparam@3.6.1
88 silly currentTree +-- lodash@4.11.1
88 silly currentTree +-- longest@1.0.1
88 silly currentTree +-- lowercase-keys@1.0.0
88 silly currentTree +-- lru-cache@4.0.1
88 silly currentTree +-- lru-queue@0.1.0
88 silly currentTree +-- map-obj@1.0.1
88 silly currentTree +-- map-stream@0.1.0
88 silly currentTree +-- media-typer@0.3.0
88 silly currentTree +-- memoizee@0.3.10
88 silly currentTree +-- meow@2.0.0
88 silly currentTree +-- merge-descriptors@1.0.1
88 silly currentTree +-- methods@1.1.2
88 silly currentTree +-- micromatch@2.3.8
88 silly currentTree +-- mime-db@1.22.0
88 silly currentTree +-- mime-types@2.1.10
88 silly currentTree +-- mime@1.3.4
88 silly currentTree +-- mimer@0.2.1
88 silly currentTree +-- minimatch@3.0.0
88 silly currentTree +-- minimist@1.2.0
88 silly currentTree +-- mkdirp@0.5.1
88 silly currentTree | `-- minimist@0.0.8
88 silly currentTree +-- moment@2.13.0
88 silly currentTree +-- morgan@1.7.0
88 silly currentTree +-- ms@0.7.1
88 silly currentTree +-- mysql@2.10.2
88 silly currentTree +-- negotiator@0.5.3
88 silly currentTree +-- nested-error-stacks@1.0.2
88 silly currentTree +-- next-tick@0.2.2
88 silly currentTree +-- node-uuid@1.4.7
88 silly currentTree +-- nodemailer-sendmail-transport@1.0.0
88 silly currentTree +-- nodemailer@2.3.2
88 silly currentTree | +-- addressparser@1.0.1
88 silly currentTree | +-- buildmail@3.6.0
88 silly currentTree | +-- iconv-lite@0.4.13
88 silly currentTree | +-- ip@1.1.2
88 silly currentTree | +-- libbase64@0.1.0
88 silly currentTree | +-- libmime@2.0.3
88 silly currentTree | +-- libqp@1.1.0
88 silly currentTree | +-- mailcomposer@3.7.0
88 silly currentTree | +-- nodemailer-direct-transport@3.0.7
88 silly currentTree | +-- nodemailer-fetch@1.3.0
88 silly currentTree | +-- nodemailer-shared@1.0.4
88 silly currentTree | +-- nodemailer-smtp-pool@2.5.2
88 silly currentTree | +-- nodemailer-smtp-transport@2.4.2
88 silly currentTree | +-- nodemailer-wellknown@0.1.8
88 silly currentTree | +-- smart-buffer@1.0.4
88 silly currentTree | +-- smtp-connection@2.3.2
88 silly currentTree | `-- socks@1.1.9
88 silly currentTree +-- nodemon@1.9.1
88 silly currentTree +-- nopt@1.0.10
88 silly currentTree +-- normalize-path@2.0.1
88 silly currentTree +-- nth-check@1.0.1
88 silly currentTree +-- number-is-nan@1.0.0
88 silly currentTree +-- oauth-sign@0.8.1
88 silly currentTree +-- object-assign@1.0.0
88 silly currentTree +-- object-keys@1.0.9
88 silly currentTree +-- object.omit@2.0.0
88 silly currentTree +-- on-finished@2.3.0
88 silly currentTree +-- on-headers@1.0.1
88 silly currentTree +-- once@1.3.3
88 silly currentTree +-- orm@2.1.30
88 silly currentTree | `-- lodash@2.4.1
88 silly currentTree +-- os-homedir@1.0.1
88 silly currentTree +-- os-tmpdir@1.0.1
88 silly currentTree +-- osenv@0.1.3
88 silly currentTree +-- package-json@1.2.0
88 silly currentTree +-- parse-glob@3.0.4
88 silly currentTree +-- parseurl@1.3.1
88 silly currentTree +-- passport-local@1.0.0
88 silly currentTree +-- passport-strategy@1.0.0
88 silly currentTree +-- passport@0.3.2
88 silly currentTree +-- path-is-absolute@1.0.0
88 silly currentTree +-- path-to-regexp@0.1.7
88 silly currentTree +-- pause-stream@0.0.11
88 silly currentTree +-- pause@0.0.1
88 silly currentTree +-- pinkie-promise@2.0.1
88 silly currentTree +-- pinkie@2.0.4
88 silly currentTree +-- prepend-http@1.0.3
88 silly currentTree +-- preserve@0.2.0
88 silly currentTree +-- private@0.1.6
88 silly currentTree +-- process-nextick-args@1.0.6
88 silly currentTree +-- proxy-addr@1.0.10
88 silly currentTree +-- ps-tree@1.0.1
88 silly currentTree +-- pseudomap@1.0.2
88 silly currentTree +-- qs@6.1.0
88 silly currentTree +-- randomatic@1.1.5
88 silly currentTree +-- range-parser@1.0.3
88 silly currentTree +-- raw-body@2.1.6
88 silly currentTree | `-- bytes@2.3.0
88 silly currentTree +-- rc@1.1.6
88 silly currentTree +-- read-all-stream@3.1.0
88 silly currentTree | +-- isarray@1.0.0
88 silly currentTree | `-- readable-stream@2.1.0
88 silly currentTree +-- readable-stream@1.1.14
88 silly currentTree +-- readdirp@2.0.0
88 silly currentTree | +-- isarray@1.0.0
88 silly currentTree | +-- minimatch@2.0.10
88 silly currentTree | `-- readable-stream@2.1.0
88 silly currentTree +-- recast@0.11.5
88 silly currentTree +-- regex-cache@0.4.3
88 silly currentTree +-- registry-url@3.1.0
88 silly currentTree +-- repeat-element@1.1.2
88 silly currentTree +-- repeat-string@1.5.4
88 silly currentTree +-- repeating@1.1.3
88 silly currentTree +-- request@2.72.0
88 silly currentTree +-- right-align@0.1.3
88 silly currentTree +-- semver-diff@2.1.0
88 silly currentTree +-- semver@5.1.0
88 silly currentTree +-- send@0.13.1
88 silly currentTree | `-- http-errors@1.3.1
88 silly currentTree +-- sendmail@0.2.1
88 silly currentTree +-- serve-static@1.10.2
88 silly currentTree +-- slick@1.12.2
88 silly currentTree +-- slide@1.1.6
88 silly currentTree +-- sntp@1.0.9
88 silly currentTree +-- source-map@0.5.4
88 silly currentTree +-- split@0.3.3
88 silly currentTree +-- sql-ddl-sync@0.3.11
88 silly currentTree | `-- lodash@2.4.1
88 silly currentTree +-- sql-query@0.1.26
88 silly currentTree +-- sshpk@1.8.2
88 silly currentTree | `-- assert-plus@1.0.0
88 silly currentTree +-- statuses@1.2.1
88 silly currentTree +-- stream-combiner@0.0.4
88 silly currentTree +-- string_decoder@0.10.31
88 silly currentTree +-- string-length@1.0.1
88 silly currentTree +-- stringstream@0.0.5
88 silly currentTree +-- strip-ansi@3.0.1
88 silly currentTree +-- strip-json-comments@1.0.4
88 silly currentTree +-- supports-color@2.0.0
88 silly currentTree +-- templayed@0.2.3
88 silly currentTree +-- through@2.3.8
88 silly currentTree +-- through2@0.6.5
88 silly currentTree | `-- readable-stream@1.0.34
88 silly currentTree +-- timed-out@2.0.0
88 silly currentTree +-- timers-ext@0.1.0
88 silly currentTree +-- touch@1.0.0
88 silly currentTree +-- tough-cookie@2.2.2
88 silly currentTree +-- tunnel-agent@0.4.2
88 silly currentTree +-- tweetnacl@0.13.3
88 silly currentTree +-- type-is@1.6.12
88 silly currentTree +-- typedarray@0.0.6
88 silly currentTree +-- uglify-js@2.6.2
88 silly currentTree | `-- async@0.2.10
88 silly currentTree +-- uglify-to-browserify@1.0.2
88 silly currentTree +-- undefsafe@0.0.3
88 silly currentTree +-- unpipe@1.0.0
88 silly currentTree +-- unreachable-branch-transform@0.5.1
88 silly currentTree +-- update-notifier@0.5.0
88 silly currentTree +-- util-deprecate@1.0.2
88 silly currentTree +-- utils-merge@1.0.0
88 silly currentTree +-- uuid@2.0.2
88 silly currentTree +-- vary@1.0.1
88 silly currentTree +-- verror@1.3.6
88 silly currentTree +-- web-resource-inliner@1.2.1
88 silly currentTree | `-- lodash@3.10.1
88 silly currentTree +-- which@1.2.4
88 silly currentTree +-- window-size@0.1.0
88 silly currentTree +-- wordwrap@0.0.2
88 silly currentTree +-- wrappy@1.0.1
88 silly currentTree +-- write-file-atomic@1.1.4
88 silly currentTree +-- xdg-basedir@2.0.0
88 silly currentTree +-- xtend@4.0.1
88 silly currentTree +-- yallist@2.0.0
88 silly currentTree `-- yargs@3.10.0
89 silly idealTree rest@1.0.0
89 silly idealTree +-- abbrev@1.0.7
89 silly idealTree +-- accepts@1.2.13
89 silly idealTree +-- acorn@1.2.2
89 silly idealTree +-- align-text@0.1.4
89 silly idealTree +-- ansi-regex@2.0.0
89 silly idealTree +-- ansi-styles@2.2.1
89 silly idealTree +-- anymatch@1.3.0
89 silly idealTree +-- arr-diff@2.0.0
89 silly idealTree +-- arr-flatten@1.0.1
89 silly idealTree +-- array-flatten@1.1.1
89 silly idealTree +-- array-unique@0.2.1
89 silly idealTree +-- arrify@1.0.1
89 silly idealTree +-- asn1@0.2.3
89 silly idealTree +-- assert-plus@0.2.0
89 silly idealTree +-- ast-types@0.8.16
89 silly idealTree +-- async-each@1.0.0
89 silly idealTree +-- async@0.9.2
89 silly idealTree +-- aws-sign2@0.6.0
89 silly idealTree +-- aws4@1.3.2
89 silly idealTree +-- balanced-match@0.3.0
89 silly idealTree +-- base64-url@1.2.2
89 silly idealTree +-- base64@2.1.0
89 silly idealTree +-- base64url@1.0.6
89 silly idealTree +-- basic-auth@1.0.3
89 silly idealTree +-- batch@0.5.3
89 silly idealTree +-- bignumber.js@2.1.4
89 silly idealTree +-- binary-extensions@1.4.0
89 silly idealTree +-- bl@1.1.2
89 silly idealTree | +-- isarray@1.0.0
89 silly idealTree | `-- readable-stream@2.0.6
89 silly idealTree +-- bluebird@3.3.5
89 silly idealTree +-- body-parser@1.15.0
89 silly idealTree +-- boolbase@1.0.0
89 silly idealTree +-- boom@2.10.1
89 silly idealTree +-- brace-expansion@1.1.3
89 silly idealTree +-- braces@1.8.4
89 silly idealTree +-- buffer-equal-constant-time@1.0.1
89 silly idealTree +-- bytes@2.2.0
89 silly idealTree +-- camelcase-keys@1.0.0
89 silly idealTree +-- camelcase@1.2.1
89 silly idealTree +-- caseless@0.11.0
89 silly idealTree +-- center-align@0.1.3
89 silly idealTree +-- chalk@1.1.3
89 silly idealTree +-- cheerio@0.19.0
89 silly idealTree | `-- lodash@3.10.1
89 silly idealTree +-- chokidar@1.4.3
89 silly idealTree +-- clean-css@1.1.7
89 silly idealTree | `-- commander@2.0.0
89 silly idealTree +-- cli-color@0.3.3
89 silly idealTree +-- cliui@2.1.0
89 silly idealTree +-- colors@1.1.2
89 silly idealTree +-- combined-stream@1.0.5
89 silly idealTree +-- commander@2.9.0
89 silly idealTree +-- concat-map@0.0.1
89 silly idealTree +-- concat-stream@1.4.10
89 silly idealTree +-- configstore@1.4.0
89 silly idealTree | `-- object-assign@4.0.1
89 silly idealTree +-- consolidate@0.14.0
89 silly idealTree +-- content-disposition@0.5.1
89 silly idealTree +-- content-type@1.0.1
89 silly idealTree +-- cookie-signature@1.0.6
89 silly idealTree +-- cookie@0.1.5
89 silly idealTree +-- core-util-is@1.0.2
89 silly idealTree +-- cross-spawn-async@2.2.2
89 silly idealTree +-- cryptiles@2.0.5
89 silly idealTree +-- css-select@1.0.0
89 silly idealTree +-- css-what@1.0.0
89 silly idealTree +-- cssom@0.3.0
89 silly idealTree +-- d@0.1.1
89 silly idealTree +-- dashdash@1.13.1
89 silly idealTree | `-- assert-plus@1.0.0
89 silly idealTree +-- datauri@0.2.1
89 silly idealTree +-- debug@2.2.0
89 silly idealTree +-- decamelize@1.2.0
89 silly idealTree +-- deep-extend@0.4.1
89 silly idealTree +-- delayed-stream@1.0.0
89 silly idealTree +-- depd@1.1.0
89 silly idealTree +-- destroy@1.0.4
89 silly idealTree +-- dom-serializer@0.1.0
89 silly idealTree | `-- domelementtype@1.1.3
89 silly idealTree +-- domelementtype@1.3.0
89 silly idealTree +-- domhandler@2.3.0
89 silly idealTree +-- domutils@1.4.3
89 silly idealTree +-- duplexer@0.1.1
89 silly idealTree +-- duplexify@3.4.3
89 silly idealTree | +-- isarray@1.0.0
89 silly idealTree | `-- readable-stream@2.1.0
89 silly idealTree +-- ecc-jsbn@0.1.1
89 silly idealTree +-- ecdsa-sig-formatter@1.0.5
89 silly idealTree +-- ee-first@1.1.1
89 silly idealTree +-- email-templates@2.3.0
89 silly idealTree +-- end-of-stream@1.0.0
89 silly idealTree +-- enforce@0.1.6
89 silly idealTree +-- entities@1.1.1
89 silly idealTree +-- es5-ext@0.10.11
89 silly idealTree +-- es6-iterator@2.0.0
89 silly idealTree +-- es6-promise@3.1.2
89 silly idealTree +-- es6-symbol@3.0.2
89 silly idealTree +-- es6-weak-map@0.1.4
89 silly idealTree | +-- es6-iterator@0.1.3
89 silly idealTree | `-- es6-symbol@2.0.1
89 silly idealTree +-- escape-html@1.0.3
89 silly idealTree +-- escape-string-regexp@1.0.5
89 silly idealTree +-- esmangle-evaluator@1.0.0
89 silly idealTree +-- esprima@2.7.2
89 silly idealTree +-- etag@1.7.0
89 silly idealTree +-- event-emitter@0.3.4
89 silly idealTree +-- event-stream@3.3.2
89 silly idealTree +-- expand-brackets@0.1.5
89 silly idealTree +-- expand-range@1.8.1
89 silly idealTree +-- express-jwt@3.3.0
89 silly idealTree | `-- lodash@3.10.1
89 silly idealTree +-- express-unless@0.3.0
89 silly idealTree +-- express@4.13.4
89 silly idealTree | `-- qs@4.0.0
89 silly idealTree +-- extend@3.0.0
89 silly idealTree +-- extglob@0.3.2
89 silly idealTree +-- extsprintf@1.0.2
89 silly idealTree +-- falafel@1.2.0
89 silly idealTree +-- filename-regex@2.0.0
89 silly idealTree +-- fill-range@2.2.3
89 silly idealTree +-- finalhandler@0.4.1
89 silly idealTree +-- for-in@0.1.5
89 silly idealTree +-- for-own@0.1.4
89 silly idealTree +-- foreach@2.0.5
89 silly idealTree +-- forever-agent@0.6.1
89 silly idealTree +-- form-data@1.0.0-rc4
89 silly idealTree | `-- async@1.5.2
89 silly idealTree +-- forwarded@0.1.0
89 silly idealTree +-- fresh@0.3.0
89 silly idealTree +-- from@0.1.3
89 silly idealTree +-- generate-function@2.0.0
89 silly idealTree +-- generate-object-property@1.2.0
89 silly idealTree +-- get-stdin@4.0.1
89 silly idealTree +-- getpass@0.1.5
89 silly idealTree | `-- assert-plus@1.0.0
89 silly idealTree +-- glob-base@0.3.0
89 silly idealTree +-- glob-parent@2.0.0
89 silly idealTree +-- glob@6.0.4
89 silly idealTree +-- got@3.3.1
89 silly idealTree | `-- object-assign@3.0.0
89 silly idealTree +-- graceful-fs@4.1.3
89 silly idealTree +-- graceful-readlink@1.0.1
89 silly idealTree +-- har-validator@2.0.6
89 silly idealTree +-- has-ansi@2.0.0
89 silly idealTree +-- hat@0.0.3
89 silly idealTree +-- hawk@3.1.3
89 silly idealTree +-- hoek@2.16.3
89 silly idealTree +-- htmlparser2@3.8.3
89 silly idealTree | +-- domutils@1.5.1
89 silly idealTree | `-- entities@1.0.0
89 silly idealTree +-- http-errors@1.4.0
89 silly idealTree +-- http-signature@1.1.1
89 silly idealTree +-- iconv-lite@0.4.13
89 silly idealTree +-- ignore-by-default@1.0.1
89 silly idealTree +-- imurmurhash@0.1.4
89 silly idealTree +-- indent-string@1.2.2
89 silly idealTree +-- infinity-agent@2.0.3
89 silly idealTree +-- inflight@1.0.4
89 silly idealTree +-- inherits@2.0.1
89 silly idealTree +-- ini@1.3.4
89 silly idealTree +-- inline-process-browser@2.0.1
89 silly idealTree +-- ipaddr.js@1.0.5
89 silly idealTree +-- is-absolute@0.1.7
89 silly idealTree +-- is-binary-path@1.0.1
89 silly idealTree +-- is-buffer@1.1.3
89 silly idealTree +-- is-dotfile@1.0.2
89 silly idealTree +-- is-equal-shallow@0.1.3
89 silly idealTree +-- is-extendable@0.1.1
89 silly idealTree +-- is-extglob@1.0.0
89 silly idealTree +-- is-finite@1.0.1
89 silly idealTree +-- is-glob@2.0.1
89 silly idealTree +-- is-my-json-valid@2.13.1
89 silly idealTree +-- is-npm@1.0.0
89 silly idealTree +-- is-number@2.1.0
89 silly idealTree +-- is-posix-bracket@0.1.1
89 silly idealTree +-- is-primitive@2.0.0
89 silly idealTree +-- is-property@1.0.2
89 silly idealTree +-- is-redirect@1.0.0
89 silly idealTree +-- is-relative@0.1.3
89 silly idealTree +-- is-stream@1.1.0
89 silly idealTree +-- is-typedarray@1.0.0
89 silly idealTree +-- isarray@0.0.1
89 silly idealTree +-- isexe@1.1.2
89 silly idealTree +-- isobject@2.0.0
89 silly idealTree +-- isstream@0.1.2
89 silly idealTree +-- jodid25519@1.0.2
89 silly idealTree +-- jsbn@0.1.0
89 silly idealTree +-- json-schema@0.2.2
89 silly idealTree +-- json-stringify-safe@5.0.1
89 silly idealTree +-- jsonpointer@2.0.0
89 silly idealTree +-- jsonwebtoken@5.7.0
89 silly idealTree +-- jsprim@1.2.2
89 silly idealTree +-- juice@1.10.0
89 silly idealTree +-- jwa@1.1.3
89 silly idealTree +-- jws@3.1.3
89 silly idealTree +-- kind-of@3.0.2
89 silly idealTree +-- latest-version@1.0.1
89 silly idealTree +-- lazy-cache@1.0.4
89 silly idealTree +-- lodash._baseassign@3.2.0
89 silly idealTree +-- lodash._basecopy@3.0.1
89 silly idealTree +-- lodash._bindcallback@3.0.1
89 silly idealTree +-- lodash._createassigner@3.1.1
89 silly idealTree +-- lodash._getnative@3.9.1
89 silly idealTree +-- lodash._isiterateecall@3.0.9
89 silly idealTree +-- lodash.assign@3.2.0
89 silly idealTree +-- lodash.defaults@3.1.2
89 silly idealTree +-- lodash.isarguments@3.0.8
89 silly idealTree +-- lodash.isarray@3.0.4
89 silly idealTree +-- lodash.keys@3.1.2
89 silly idealTree +-- lodash.restparam@3.6.1
89 silly idealTree +-- lodash@4.11.1
89 silly idealTree +-- longest@1.0.1
89 silly idealTree +-- lowercase-keys@1.0.0
89 silly idealTree +-- lru-cache@4.0.1
89 silly idealTree +-- lru-queue@0.1.0
89 silly idealTree +-- map-obj@1.0.1
89 silly idealTree +-- map-stream@0.1.0
89 silly idealTree +-- media-typer@0.3.0
89 silly idealTree +-- memoizee@0.3.10
89 silly idealTree +-- meow@2.0.0
89 silly idealTree +-- merge-descriptors@1.0.1
89 silly idealTree +-- methods@1.1.2
89 silly idealTree +-- micromatch@2.3.8
89 silly idealTree +-- mime-db@1.22.0
89 silly idealTree +-- mime-types@2.1.10
89 silly idealTree +-- mime@1.3.4
89 silly idealTree +-- mimer@0.2.1
89 silly idealTree +-- minimatch@3.0.0
89 silly idealTree +-- minimist@1.2.0
89 silly idealTree +-- mkdirp@0.5.1
89 silly idealTree | `-- minimist@0.0.8
89 silly idealTree +-- moment@2.13.0
89 silly idealTree +-- morgan@1.7.0
89 silly idealTree +-- ms@0.7.1
89 silly idealTree +-- mysql@2.10.2
89 silly idealTree +-- negotiator@0.5.3
89 silly idealTree +-- nested-error-stacks@1.0.2
89 silly idealTree +-- next-tick@0.2.2
89 silly idealTree +-- node-uuid@1.4.7
89 silly idealTree +-- nodemailer-sendmail-transport@1.0.0
89 silly idealTree +-- nodemailer@2.3.2
89 silly idealTree | +-- addressparser@1.0.1
89 silly idealTree | +-- buildmail@3.6.0
89 silly idealTree | +-- iconv-lite@0.4.13
89 silly idealTree | +-- ip@1.1.2
89 silly idealTree | +-- libbase64@0.1.0
89 silly idealTree | +-- libmime@2.0.3
89 silly idealTree | +-- libqp@1.1.0
89 silly idealTree | +-- mailcomposer@3.7.0
89 silly idealTree | +-- nodemailer-direct-transport@3.0.7
89 silly idealTree | +-- nodemailer-fetch@1.3.0
89 silly idealTree | +-- nodemailer-shared@1.0.4
89 silly idealTree | +-- nodemailer-smtp-pool@2.5.2
89 silly idealTree | +-- nodemailer-smtp-transport@2.4.2
89 silly idealTree | +-- nodemailer-wellknown@0.1.8
89 silly idealTree | +-- smart-buffer@1.0.4
89 silly idealTree | +-- smtp-connection@2.3.2
89 silly idealTree | `-- socks@1.1.9
89 silly idealTree +-- nodemon@1.9.1
89 silly idealTree +-- nopt@1.0.10
89 silly idealTree +-- normalize-path@2.0.1
89 silly idealTree +-- nth-check@1.0.1
89 silly idealTree +-- number-is-nan@1.0.0
89 silly idealTree +-- oauth-sign@0.8.1
89 silly idealTree +-- object-assign@1.0.0
89 silly idealTree +-- object-keys@1.0.9
89 silly idealTree +-- object.omit@2.0.0
89 silly idealTree +-- on-finished@2.3.0
89 silly idealTree +-- on-headers@1.0.1
89 silly idealTree +-- once@1.3.3
89 silly idealTree +-- orm@2.1.30
89 silly idealTree | `-- lodash@2.4.1
89 silly idealTree +-- os-homedir@1.0.1
89 silly idealTree +-- os-tmpdir@1.0.1
89 silly idealTree +-- osenv@0.1.3
89 silly idealTree +-- package-json@1.2.0
89 silly idealTree +-- parse-glob@3.0.4
89 silly idealTree +-- parseurl@1.3.1
89 silly idealTree +-- passport-local@1.0.0
89 silly idealTree +-- passport-strategy@1.0.0
89 silly idealTree +-- passport@0.3.2
89 silly idealTree +-- path-is-absolute@1.0.0
89 silly idealTree +-- path-to-regexp@0.1.7
89 silly idealTree +-- pause-stream@0.0.11
89 silly idealTree +-- pause@0.0.1
89 silly idealTree +-- pinkie-promise@2.0.1
89 silly idealTree +-- pinkie@2.0.4
89 silly idealTree +-- prepend-http@1.0.3
89 silly idealTree +-- preserve@0.2.0
89 silly idealTree +-- private@0.1.6
89 silly idealTree +-- process-nextick-args@1.0.6
89 silly idealTree +-- proxy-addr@1.0.10
89 silly idealTree +-- ps-tree@1.0.1
89 silly idealTree +-- pseudomap@1.0.2
89 silly idealTree +-- qs@6.1.0
89 silly idealTree +-- randomatic@1.1.5
89 silly idealTree +-- range-parser@1.0.3
89 silly idealTree +-- raw-body@2.1.6
89 silly idealTree | `-- bytes@2.3.0
89 silly idealTree +-- rc@1.1.6
89 silly idealTree +-- read-all-stream@3.1.0
89 silly idealTree | +-- isarray@1.0.0
89 silly idealTree | `-- readable-stream@2.1.0
89 silly idealTree +-- readable-stream@1.1.14
89 silly idealTree +-- readdirp@2.0.0
89 silly idealTree | +-- isarray@1.0.0
89 silly idealTree | +-- minimatch@2.0.10
89 silly idealTree | `-- readable-stream@2.1.0
89 silly idealTree +-- recast@0.11.5
89 silly idealTree +-- regex-cache@0.4.3
89 silly idealTree +-- registry-url@3.1.0
89 silly idealTree +-- repeat-element@1.1.2
89 silly idealTree +-- repeat-string@1.5.4
89 silly idealTree +-- repeating@1.1.3
89 silly idealTree +-- request@2.72.0
89 silly idealTree +-- right-align@0.1.3
89 silly idealTree +-- semver-diff@2.1.0
89 silly idealTree +-- semver@5.1.0
89 silly idealTree +-- send@0.13.1
89 silly idealTree | `-- http-errors@1.3.1
89 silly idealTree +-- sendmail@0.2.1
89 silly idealTree +-- serve-static@1.10.2
89 silly idealTree +-- slick@1.12.2
89 silly idealTree +-- slide@1.1.6
89 silly idealTree +-- sntp@1.0.9
89 silly idealTree +-- source-map@0.5.4
89 silly idealTree +-- split@0.3.3
89 silly idealTree +-- sql-ddl-sync@0.3.11
89 silly idealTree | `-- lodash@2.4.1
89 silly idealTree +-- sql-query@0.1.26
89 silly idealTree +-- sshpk@1.8.2
89 silly idealTree | `-- assert-plus@1.0.0
89 silly idealTree +-- statuses@1.2.1
89 silly idealTree +-- stream-combiner@0.0.4
89 silly idealTree +-- string_decoder@0.10.31
89 silly idealTree +-- string-length@1.0.1
89 silly idealTree +-- stringstream@0.0.5
89 silly idealTree +-- strip-ansi@3.0.1
89 silly idealTree +-- strip-json-comments@1.0.4
89 silly idealTree +-- supports-color@2.0.0
89 silly idealTree +-- templayed@0.2.3
89 silly idealTree +-- through@2.3.8
89 silly idealTree +-- through2@0.6.5
89 silly idealTree | `-- readable-stream@1.0.34
89 silly idealTree +-- timed-out@2.0.0
89 silly idealTree +-- timers-ext@0.1.0
89 silly idealTree +-- touch@1.0.0
89 silly idealTree +-- tough-cookie@2.2.2
89 silly idealTree +-- tunnel-agent@0.4.2
89 silly idealTree +-- tweetnacl@0.13.3
89 silly idealTree +-- type-is@1.6.12
89 silly idealTree +-- typedarray@0.0.6
89 silly idealTree +-- uglify-js@2.6.2
89 silly idealTree | `-- async@0.2.10
89 silly idealTree +-- uglify-to-browserify@1.0.2
89 silly idealTree +-- undefsafe@0.0.3
89 silly idealTree +-- unpipe@1.0.0
89 silly idealTree +-- unreachable-branch-transform@0.5.1
89 silly idealTree +-- update-notifier@0.5.0
89 silly idealTree +-- util-deprecate@1.0.2
89 silly idealTree +-- utils-merge@1.0.0
89 silly idealTree +-- uuid@2.0.2
89 silly idealTree +-- vary@1.0.1
89 silly idealTree +-- verror@1.3.6
89 silly idealTree +-- web-resource-inliner@1.2.1
89 silly idealTree | `-- lodash@3.10.1
89 silly idealTree +-- which@1.2.4
89 silly idealTree +-- window-size@0.1.0
89 silly idealTree +-- wordwrap@0.0.2
89 silly idealTree +-- wrappy@1.0.1
89 silly idealTree +-- write-file-atomic@1.1.4
89 silly idealTree +-- xdg-basedir@2.0.0
89 silly idealTree +-- xtend@4.0.1
89 silly idealTree +-- yallist@2.0.0
89 silly idealTree `-- yargs@3.10.0
90 silly generateActionsToTake Starting
91 silly install generateActionsToTake
92 silly generateActionsToTake Finishing
93 silly diffTrees action count 1
94 silly diffTrees add base64@2.1.0
95 silly decomposeActions action count 8
96 silly decomposeActions fetch base64@2.1.0
97 silly decomposeActions extract base64@2.1.0
98 silly decomposeActions preinstall base64@2.1.0
99 silly decomposeActions build base64@2.1.0
100 silly decomposeActions install base64@2.1.0
101 silly decomposeActions postinstall base64@2.1.0
102 silly decomposeActions test base64@2.1.0
103 silly decomposeActions finalize base64@2.1.0
104 silly executeActions Starting
105 silly install executeActions
106 silly doSerial global-install 0
107 silly doParallel fetch 1
108 verbose lock using /home/aspire16/.npm/_locks/staging-974146f38bf9b760.lock for /home/aspire16/UI_Workspace/nodejs/node-rest/rest/node_modules/.staging
109 silly doParallel extract 1
110 silly extract base64@2.1.0
111 verbose unbuild node_modules/.staging/base64-3bc729f0e410a7b9f145476677628e70
112 silly gentlyRm /home/aspire16/UI_Workspace/nodejs/node-rest/rest/node_modules/.staging/base64-3bc729f0e410a7b9f145476677628e70 is being purged from base /home/aspire16/UI_Workspace/nodejs/node-rest/rest
113 verbose gentlyRm don't care about contents; nuking /home/aspire16/UI_Workspace/nodejs/node-rest/rest/node_modules/.staging/base64-3bc729f0e410a7b9f145476677628e70
114 verbose tar unpack /home/aspire16/.npm/base64/2.1.0/package.tgz
115 verbose tar unpacking to /home/aspire16/UI_Workspace/nodejs/node-rest/rest/node_modules/.staging/base64-3bc729f0e410a7b9f145476677628e70
116 silly gentlyRm /home/aspire16/UI_Workspace/nodejs/node-rest/rest/node_modules/.staging/base64-3bc729f0e410a7b9f145476677628e70 is being purged
117 verbose gentlyRm don't care about contents; nuking /home/aspire16/UI_Workspace/nodejs/node-rest/rest/node_modules/.staging/base64-3bc729f0e410a7b9f145476677628e70
118 silly gunzTarPerm modes [ '755', '644' ]
119 silly gunzTarPerm extractEntry package.json
120 silly gunzTarPerm extractEntry .npmignore
121 silly gunzTarPerm extractEntry base64.cc
122 silly gunzTarPerm extractEntry readme.txt
123 silly gunzTarPerm extractEntry test/encode.js
124 silly gunzTarPerm extractEntry test/test.sh
125 silly gunzTarPerm extractEntry test/perl-base64-encode.pl
126 silly gunzTarPerm extractEntry test/hashes.json
127 silly gunzTarPerm extractEntry test/data/data-rand-11
128 silly gunzTarPerm extractEntry test/data/data-rand-06
129 silly gunzTarPerm extractEntry test/data/data-png.png
130 silly gunzTarPerm extractEntry test/data/data-rand-09
131 silly gunzTarPerm extractEntry test/data/data-rand-08
132 silly gunzTarPerm extractEntry test/data/data-rand-05
133 silly gunzTarPerm extractEntry test/data/data-rand-03
134 silly gunzTarPerm extractEntry test/data/data-rand-10
135 silly gunzTarPerm extractEntry test/data/data-rand-13
136 silly gunzTarPerm extractEntry test/data/data-rand-14
137 silly gunzTarPerm extractEntry test/data/data-rand-20
138 silly gunzTarPerm extractEntry test/data/data-source-code.c
139 silly gunzTarPerm extractEntry test/data/data-rand-07
140 silly gunzTarPerm extractEntry test/data/data-rand-02
141 silly gunzTarPerm extractEntry test/data/data-rand-01
142 silly gunzTarPerm extractEntry test/data/data-rand-15
143 silly gunzTarPerm extractEntry test/data/data-rand-18
144 silly gunzTarPerm extractEntry test/data/data-rand-04
145 silly gunzTarPerm extractEntry test/data/data-rand-17
146 silly gunzTarPerm extractEntry test/data/data-rand-12
147 silly gunzTarPerm extractEntry test/data/data-rand-19
148 silly gunzTarPerm extractEntry test/data/data-rand-16
149 silly gunzTarPerm extractEntry package.json~
150 silly gunzTarPerm extractEntry binding.gyp
151 silly doParallel preinstall 1
152 silly preinstall base64@2.1.0 /home/aspire16/UI_Workspace/nodejs/node-rest/rest/node_modules/.staging/base64-3bc729f0e410a7b9f145476677628e70
153 info lifecycle base64@2.1.0~preinstall: base64@2.1.0
154 silly lifecycle base64@2.1.0~preinstall: no script for preinstall, continuing
155 silly doReverseSerial remove 0
156 silly doSerial move 0
157 silly doSerial finalize 1
158 silly finalize /home/aspire16/UI_Workspace/nodejs/node-rest/rest/node_modules/base64
159 silly doSerial build 1
160 silly build base64@2.1.0
161 info linkStuff base64@2.1.0
162 silly linkStuff base64@2.1.0 has /home/aspire16/UI_Workspace/nodejs/node-rest/rest/node_modules as its parent node_modules
163 verbose linkBins base64@2.1.0
164 verbose linkMans base64@2.1.0
165 silly doSerial global-link 0
166 silly doParallel update-linked 0
167 silly doSerial install 1
168 silly install base64@2.1.0 /home/aspire16/UI_Workspace/nodejs/node-rest/rest/node_modules/.staging/base64-3bc729f0e410a7b9f145476677628e70
169 info lifecycle base64@2.1.0~install: base64@2.1.0
170 verbose lifecycle base64@2.1.0~install: unsafe-perm in lifecycle true
171 verbose lifecycle base64@2.1.0~install: PATH: /usr/local/lib/node_modules/npm/bin/node-gyp-bin:/home/aspire16/UI_Workspace/nodejs/node-rest/rest/node_modules/base64/node_modules/.bin:/home/aspire16/UI_Workspace/nodejs/node-rest/rest/node_modules/.bin:/home/aspire16/.linuxbrew/bin:/opt/maven/apache-maven-3.2.3/bin:/home/aspire16/android/android-sdk-4.4/platform-tools:/home/aspire16/android/android-sdk-4.4/tools:/usr/local/sbin:/usr/local/bin:/usr/sbin:/usr/bin:/sbin:/bin:/usr/games:/usr/local/games:/opt/java/jdk1.7.0_55/bin:/opt/apache-ant/apache-ant-1.9.4/bin
172 verbose lifecycle base64@2.1.0~install: CWD: /home/aspire16/UI_Workspace/nodejs/node-rest/rest/node_modules/base64
173 silly lifecycle base64@2.1.0~install: Args: [ '-c', 'node-gyp rebuild' ]
174 silly lifecycle base64@2.1.0~install: Returned: code: 1  signal: null
175 info lifecycle base64@2.1.0~install: Failed to exec install script
176 verbose unlock done using /home/aspire16/.npm/_locks/staging-974146f38bf9b760.lock for /home/aspire16/UI_Workspace/nodejs/node-rest/rest/node_modules/.staging
177 silly rollbackFailedOptional Starting
178 silly rollbackFailedOptional Finishing
179 silly runTopLevelLifecycles Starting
180 silly runTopLevelLifecycles Finishing
181 silly install printInstalled
182 warn EPACKAGEJSON rest@1.0.0 No repository field.
183 verbose stack Error: base64@2.1.0 install: `node-gyp rebuild`
183 verbose stack Exit status 1
183 verbose stack     at EventEmitter.<anonymous> (/usr/local/lib/node_modules/npm/lib/utils/lifecycle.js:232:16)
183 verbose stack     at emitTwo (events.js:88:13)
183 verbose stack     at EventEmitter.emit (events.js:173:7)
183 verbose stack     at ChildProcess.<anonymous> (/usr/local/lib/node_modules/npm/lib/utils/spawn.js:24:14)
183 verbose stack     at emitTwo (events.js:88:13)
183 verbose stack     at ChildProcess.emit (events.js:173:7)
183 verbose stack     at maybeClose (internal/child_process.js:819:16)
183 verbose stack     at Process.ChildProcess._handle.onexit (internal/child_process.js:212:5)
184 verbose pkgid base64@2.1.0
185 verbose cwd /home/aspire16/UI_Workspace/nodejs/node-rest/rest
186 error Linux 3.19.0-32-generic
187 error argv "/usr/local/bin/node" "/usr/local/bin/npm" "install" "--save" "base64"
188 error node v5.2.0
189 error npm  v3.3.12
190 error code ELIFECYCLE
191 error base64@2.1.0 install: `node-gyp rebuild`
191 error Exit status 1
192 error Failed at the base64@2.1.0 install script 'node-gyp rebuild'.
192 error Make sure you have the latest version of node.js and npm installed.
192 error If you do, this is most likely a problem with the base64 package,
192 error not with npm itself.
192 error Tell the author that this fails on your system:
192 error     node-gyp rebuild
192 error You can get their info via:
192 error     npm owner ls base64
192 error There is likely additional logging output above.
193 verbose exit [ 1, true ]
